<note>
  <to>
    Tove
  <to>
</note>
